<?xml version="1.0" encoding="UTF-8"?>
<!-- Generated by org.testng.reporters.JUnitReportReporter -->
<testsuite skipped="0" hostname="Ehsanul" name="Tests.test2" tests="1" failures="0" timestamp="17 Sep 2017 15:49:20 GMT" time="0.005" errors="0">
  <testcase name="testMethod" time="0.005" classname="Tests.test2"/>
</testsuite> <!-- Tests.test2 -->
